[debug] [2025-09-09T15:59:03.145Z] ----------------------------------------------------------------------
[debug] [2025-09-09T15:59:03.147Z] Command:       C:\nvm4w\nodejs\node.exe C:\nvm4w\nodejs\node_modules\firebase-tools\lib\bin\firebase.js init hosting
[debug] [2025-09-09T15:59:03.147Z] CLI Version:   14.15.2
[debug] [2025-09-09T15:59:03.147Z] Platform:      win32
[debug] [2025-09-09T15:59:03.147Z] Node Version:  v22.15.0
[debug] [2025-09-09T15:59:03.148Z] Time:          Tue Sep 09 2025 17:59:03 GMT+0200 (Ora legale dell’Europa centrale)
[debug] [2025-09-09T15:59:03.148Z] ----------------------------------------------------------------------
[debug] 
[debug] [2025-09-09T15:59:03.152Z] > command requires scopes: ["email","openid","https://www.googleapis.com/auth/cloudplatformprojects.readonly","https://www.googleapis.com/auth/firebase","https://www.googleapis.com/auth/cloud-platform"]
[debug] [2025-09-09T15:59:03.152Z] > authorizing via signed-in user (matteoicy2@gmail.com)
[info] 
     ######## #### ########  ######## ########     ###     ######  ########
     ##        ##  ##     ## ##       ##     ##  ##   ##  ##       ##
     ######    ##  ########  ######   ########  #########  ######  ######
     ##        ##  ##    ##  ##       ##     ## ##     ##       ## ##
     ##       #### ##     ## ######## ########  ##     ##  ######  ########

You're about to initialize a Firebase project in this directory:

  C:\Users\matte\Desktop\Code\SAW\Progetto Serio\Fulti-CompanionV2

[info] 
=== Project Setup
[info] 
[info] First, let's associate this project directory with a Firebase project.
[info] You can create multiple project aliases by running firebase use --add, 
[info] but for now we'll just set up a default project.
[info] 
[debug] [2025-09-09T15:59:10.379Z] Checked if tokens are valid: true, expires at: 1757436766262
[debug] [2025-09-09T15:59:10.379Z] Checked if tokens are valid: true, expires at: 1757436766262
[debug] [2025-09-09T15:59:10.380Z] >>> [apiv2][query] GET https://firebase.googleapis.com/v1beta1/projects pageSize=100
[debug] [2025-09-09T15:59:11.034Z] <<< [apiv2][status] GET https://firebase.googleapis.com/v1beta1/projects 200
[debug] [2025-09-09T15:59:11.034Z] <<< [apiv2][body] GET https://firebase.googleapis.com/v1beta1/projects [omitted]
[info] i  Using project fulti-companion-62917 (Fulti-Companion) 
[info] 
=== Hosting Setup
[debug] [2025-09-09T15:59:12.980Z] Checked if tokens are valid: true, expires at: 1757436766262
[debug] [2025-09-09T15:59:12.980Z] Checked if tokens are valid: true, expires at: 1757436766262
[debug] [2025-09-09T15:59:12.980Z] >>> [apiv2][query] GET https://firebase.googleapis.com/v1beta1/projects/fulti-companion-62917 [none]
[debug] [2025-09-09T15:59:13.250Z] <<< [apiv2][status] GET https://firebase.googleapis.com/v1beta1/projects/fulti-companion-62917 200
[debug] [2025-09-09T15:59:13.250Z] <<< [apiv2][body] GET https://firebase.googleapis.com/v1beta1/projects/fulti-companion-62917 {"projectId":"fulti-companion-62917","projectNumber":"47789604784","displayName":"Fulti-Companion","name":"projects/fulti-companion-62917","resources":{"hostingSite":"fulti-companion-62917"},"state":"ACTIVE","etag":"1_0bb08ad6-bc9f-4f68-ae7f-1e8184660b5d"}
[info] 
[info] Your public directory is the folder (relative to your project directory) that
[info] will contain Hosting assets to be uploaded with firebase deploy. If you
[info] have a build process for your assets, use your build's output directory.
[info] 
